<?xml version="1.0" encoding="UTF-8"?>
<!-- Generated by org.testng.reporters.JUnitReportReporter -->
<testsuite hostname="MacBook-Pro.local" failures="0" tests="2" name="hust.cs.javacourse.search.parse.TermTupleScannerTest" time="0.004" errors="0" timestamp="23 5æœˆ 2020 15:23:17 GMT" skipped="0">
  <testcase classname="hust.cs.javacourse.search.parse.TermTupleScannerTest" name="testNext" time="0.002"/>
  <testcase classname="hust.cs.javacourse.search.parse.TermTupleScannerTest" name="testNext" time="0.002"/>
</testsuite> <!-- hust.cs.javacourse.search.parse.TermTupleScannerTest -->
