<?xml version="1.0" encoding="UTF-8"?>
<!-- Generated by org.testng.reporters.JUnitReportReporter -->
<testsuite hostname="MacBook-Pro.local" failures="0" tests="3" name="hust.cs.javacourse.search.parse.StopWordTermTupleFilterTest" time="0.002" errors="0" timestamp="23 5æœˆ 2020 15:23:17 GMT" skipped="0">
  <testcase classname="hust.cs.javacourse.search.parse.StopWordTermTupleFilterTest" name="testNext" time="0.001"/>
  <testcase classname="hust.cs.javacourse.search.parse.StopWordTermTupleFilterTest" name="testNext" time="0.001"/>
  <testcase classname="hust.cs.javacourse.search.parse.StopWordTermTupleFilterTest" name="testNext" time="0.000"/>
</testsuite> <!-- hust.cs.javacourse.search.parse.StopWordTermTupleFilterTest -->
